<?xml version="1.0" encoding="UTF-8"?>
<testng-results skipped="0" failed="1" ignored="0" total="2" passed="1">
  <reporter-output>
  </reporter-output>
  <suite name="Default suite" duration-ms="25333" started-at="2019-01-05T23:10:40Z" finished-at="2019-01-05T23:11:05Z">
    <groups>
    </groups>
    <test name="Default test" duration-ms="25333" started-at="2019-01-05T23:10:40Z" finished-at="2019-01-05T23:11:05Z">
      <class name="First.TestDemo">
        <test-method status="PASS" signature="launchbrowser()[pri:0, instance:First.TestDemo@39aeed2f]" name="launchbrowser" is-config="true" duration-ms="4284" started-at="2019-01-05T23:10:40Z" finished-at="2019-01-05T23:10:44Z">
          <reporter-output>
          </reporter-output>
        </test-method> <!-- launchbrowser -->
        <test-method status="PASS" signature="logincheck()[pri:0, instance:First.TestDemo@39aeed2f]" name="logincheck" duration-ms="12162" started-at="2019-01-05T23:10:44Z" finished-at="2019-01-05T23:10:56Z">
          <reporter-output>
          </reporter-output>
        </test-method> <!-- logincheck -->
        <test-method status="FAIL" signature="registration()[pri:0, instance:First.TestDemo@39aeed2f]" name="registration" duration-ms="8251" started-at="2019-01-05T23:10:56Z" finished-at="2019-01-05T23:11:04Z">
          <exception class="java.lang.NullPointerException">
            <full-stacktrace>
              <![CDATA[java.lang.NullPointerException
at First.TestDemo.registration(TestDemo.java:26)
at sun.reflect.NativeMethodAccessorImpl.invoke0(Native Method)
at sun.reflect.NativeMethodAccessorImpl.invoke(NativeMethodAccessorImpl.java:62)
at sun.reflect.DelegatingMethodAccessorImpl.invoke(DelegatingMethodAccessorImpl.java:43)
at java.lang.reflect.Method.invoke(Method.java:498)
at org.testng.internal.MethodInvocationHelper.invokeMethod(MethodInvocationHelper.java:124)
at org.testng.internal.Invoker.invokeMethod(Invoker.java:580)
at org.testng.internal.Invoker.invokeTestMethod(Invoker.java:716)
at org.testng.internal.Invoker.invokeTestMethods(Invoker.java:988)
at org.testng.internal.TestMethodWorker.invokeTestMethods(TestMethodWorker.java:125)
at org.testng.internal.TestMethodWorker.run(TestMethodWorker.java:109)
at org.testng.TestRunner.privateRun(TestRunner.java:648)
at org.testng.TestRunner.run(TestRunner.java:505)
at org.testng.SuiteRunner.runTest(SuiteRunner.java:455)
at org.testng.SuiteRunner.runSequentially(SuiteRunner.java:450)
at org.testng.SuiteRunner.privateRun(SuiteRunner.java:415)
at org.testng.SuiteRunner.run(SuiteRunner.java:364)
at org.testng.SuiteRunnerWorker.runSuite(SuiteRunnerWorker.java:52)
at org.testng.SuiteRunnerWorker.run(SuiteRunnerWorker.java:84)
at org.testng.TestNG.runSuitesSequentially(TestNG.java:1208)
at org.testng.TestNG.runSuitesLocally(TestNG.java:1137)
at org.testng.TestNG.runSuites(TestNG.java:1049)
at org.testng.TestNG.run(TestNG.java:1017)
at org.testng.remote.AbstractRemoteTestNG.run(AbstractRemoteTestNG.java:114)
at org.testng.remote.RemoteTestNG.initAndRun(RemoteTestNG.java:251)
at org.testng.remote.RemoteTestNG.main(RemoteTestNG.java:77)
]]>
            </full-stacktrace>
          </exception> <!-- java.lang.NullPointerException -->
          <reporter-output>
          </reporter-output>
        </test-method> <!-- registration -->
        <test-method status="PASS" signature="closebrowser()[pri:0, instance:First.TestDemo@39aeed2f]" name="closebrowser" is-config="true" duration-ms="589" started-at="2019-01-05T23:11:04Z" finished-at="2019-01-05T23:11:05Z">
          <reporter-output>
          </reporter-output>
        </test-method> <!-- closebrowser -->
      </class> <!-- First.TestDemo -->
    </test> <!-- Default test -->
  </suite> <!-- Default suite -->
</testng-results>
